<?xml version="1.0" encoding="UTF-8"?>
<testng-results skipped="0" failed="0" ignored="0" total="0" passed="0">
  <reporter-output>
  </reporter-output>
  <suite name="test_utility.Test_Utility" duration-ms="17" started-at="2019-12-14T13:45:17Z" finished-at="2019-12-14T13:45:17Z">
    <groups>
    </groups>
    <test name="Command line test" duration-ms="17" started-at="2019-12-14T13:45:17Z" finished-at="2019-12-14T13:45:17Z">
    </test> <!-- Command line test -->
  </suite> <!-- test_utility.Test_Utility -->
</testng-results>
