<?xml version="1.0" encoding="UTF-8"?>
<testng-results skipped="0" failed="0" ignored="0" total="1" passed="1">
  <reporter-output>
  </reporter-output>
  <suite name="TestNG Suite" duration-ms="18883" started-at="2020-01-18T18:29:22Z" finished-at="2020-01-18T18:29:41Z">
    <groups>
    </groups>
    <test name="Browser and URl opening" duration-ms="18883" started-at="2020-01-18T18:29:22Z" finished-at="2020-01-18T18:29:41Z">
      <class name="page.HomeTest">
        <test-method status="PASS" signature="initialize(java.lang.String, java.lang.String)[pri:0, instance:page.HomeTest@3a82f6ef]" name="initialize" is-config="true" duration-ms="18646" started-at="2020-01-18T18:29:22Z" finished-at="2020-01-18T18:29:41Z">
          <params>
            <param index="0">
              <value>
                <![CDATA[https://test.salesforce.com/]]>
              </value>
            </param>
            <param index="1">
              <value>
                <![CDATA[Chrome]]>
              </value>
            </param>
          </params>
          <reporter-output>
          </reporter-output>
        </test-method> <!-- initialize -->
        <test-method status="PASS" signature="homepage()[pri:1, instance:page.HomeTest@3a82f6ef]" name="homepage" duration-ms="130" started-at="2020-01-18T18:29:41Z" finished-at="2020-01-18T18:29:41Z">
          <reporter-output>
          </reporter-output>
        </test-method> <!-- homepage -->
      </class> <!-- page.HomeTest -->
    </test> <!-- Browser and URl opening -->
  </suite> <!-- TestNG Suite -->
</testng-results>
