<?xml version="1.0" encoding="UTF-8"?>
<testng-results skipped="0" failed="0" ignored="0" total="0" passed="0">
  <reporter-output>
  </reporter-output>
  <suite name="TestNG Suite" duration-ms="36" started-at="2019-12-14T13:44:44Z" finished-at="2019-12-14T13:44:44Z">
    <groups>
    </groups>
    <test name="Browser and URl opening" duration-ms="36" started-at="2019-12-14T13:44:44Z" finished-at="2019-12-14T13:44:44Z">
    </test> <!-- Browser and URl opening -->
  </suite> <!-- TestNG Suite -->
</testng-results>
